make all --print-data-base --no-builtin-variables --no-builtin-rules --question
# GNU Make 4.3
# Built for x86_64-pc-linux-gnu
# Copyright (C) 1988-2020 Free Software Foundation, Inc.
# License GPLv3+: GNU GPL version 3 or later <http://gnu.org/licenses/gpl.html>
# This is free software: you are free to change and redistribute it.
# There is NO WARRANTY, to the extent permitted by law.

# Make data base, printed on Tue Aug 23 13:24:47 2022

# Variables

# environment
JAVA_HOME = /usr/lib/jvm/java-8-oracle
# environment
GDK_BACKEND = x11
# environment
LC_ALL = C
# environment
GTK_RC_FILES = /etc/gtk/gtkrc:/home/edu/.gtkrc:/home/edu/.config/gtkrc
# environment
VSCODE_CWD = /home/edu
# default
MAKE_COMMAND := make
# environment
QT_ACCESSIBILITY = 1
# automatic
@D = $(patsubst %/,%,$(dir $@))
# environment
VSCODE_HANDLES_UNCAUGHT_ERRORS = true
# default
.VARIABLES := 
# environment
PWD = /home/edu/Proyectos/openZmeter_private/Hardware/DeviceV2_03/Firmware
# automatic
%D = $(patsubst %/,%,$(dir $%))
# automatic
^D = $(patsubst %/,%,$(dir $^))
# automatic
%F = $(notdir $%)
# environment
VSCODE_CODE_CACHE_PATH = /home/edu/.config/Code - Insiders/CachedData/bd6107301dc9a6200bd8d4f64a9b198438b3f1d6
# environment
XDG_SESSION_PATH = /org/freedesktop/DisplayManager/Session1
# environment
LANG = C
# environment
XAUTHORITY = /home/edu/.Xauthority
# default
.LOADED := 
# default
.INCLUDE_DIRS = /usr/local/include /usr/include /usr/include
# makefile
MAKEFLAGS = pqrR
# makefile
CURDIR := /home/edu/Proyectos/openZmeter_private/Hardware/DeviceV2_03/Firmware
# environment
J2REDIR = /usr/lib/jvm/java-8-oracle/jre
# environment
APPLICATION_INSIGHTS_NO_DIAGNOSTIC_CHANNEL = true
# automatic
*D = $(patsubst %/,%,$(dir $*))
# environment
PAM_KWALLET5_LOGIN = /run/user/1000/kwallet5.socket
# environment
MFLAGS = -pqrR
# environment
SSH_AUTH_SOCK = /tmp/ssh-sYXj070FIvLS/agent.1835
# default
.SHELLFLAGS := -c
# automatic
+D = $(patsubst %/,%,$(dir $+))
# environment
XCURSOR_THEME = breeze_cursors
# environment
XDG_SESSION_DESKTOP = KDE
# makefile (from 'Makefile', line 1)
MAKEFILE_LIST := Makefile
# automatic
@F = $(notdir $@)
# environment
VSCODE_PID = 716187
# makefile (from 'Makefile', line 3)
EXECUTABLE_SOURCE = $(shell find . -name "*.c" ! -type d -print)
# environment
XDG_SESSION_TYPE = x11
# automatic
?D = $(patsubst %/,%,$(dir $?))
# environment
SESSION_MANAGER = local/Edu-PC:@/tmp/.ICE-unix/2184,unix/Edu-PC:/tmp/.ICE-unix/2184
# automatic
*F = $(notdir $*)
# environment
CHROME_DESKTOP = code-insiders-url-handler.desktop
# environment
DBUS_SESSION_BUS_ADDRESS = unix:path=/run/user/1000/bus
# automatic
<D = $(patsubst %/,%,$(dir $<))
# environment
VSCODE_NLS_CONFIG = {"locale":"es","availableLanguages":{"*":"es"},"_languagePackId":"9336b18a2694f1b71e2417b4e335df52.es","_translationsConfigFile":"/home/edu/.config/Code - Insiders/clp/9336b18a2694f1b71e2417b4e335df52.es/tcf.json","_cacheRoot":"/home/edu/.config/Code - Insiders/clp/9336b18a2694f1b71e2417b4e335df52.es","_resolvedLanguagePackCoreLocation":"/home/edu/.config/Code - Insiders/clp/9336b18a2694f1b71e2417b4e335df52.es/bd6107301dc9a6200bd8d4f64a9b198438b3f1d6","_corruptedFile":"/home/edu/.config/Code - Insiders/clp/9336b18a2694f1b71e2417b4e335df52.es/corrupted.info","_languagePackSupport":true}
# default
MAKE_HOST := x86_64-pc-linux-gnu
# makefile
SHELL = /bin/sh
# default
MAKECMDGOALS := all
# environment
PLATFORMIO_CALLER = vscode
# environment
XMODIFIERS = @im=ibus
# environment
SHLVL = 0
# environment
MAKELEVEL := 0
# default
MAKE = $(MAKE_COMMAND)
# environment
PATH = /usr/local/bin:/usr/bin:/bin:/usr/local/games:/usr/games:/usr/lib/jvm/java-8-oracle/bin:/usr/lib/jvm/java-8-oracle/db/bin:/usr/lib/jvm/java-8-oracle/jre/bin
# default
MAKEFILES := 
# environment
LANGUAGE = 
# automatic
^F = $(notdir $^)
# makefile (from 'Makefile', line 10)
EXECUTABLE_OBJS = $(EXECUTABLE_SOURCE:%=Tmp/%.o)
# automatic
?F = $(notdir $?)
# environment
KDE_APPLICATIONS_AS_SCOPE = 1
# environment
XDG_SEAT = seat0
# environment
GTK_IM_MODULE = ibus
# environment
NO_PROXY = 127.0.0.1
# environment
XDG_CURRENT_DESKTOP = KDE
# automatic
+F = $(notdir $+)
# environment
XDG_SEAT_PATH = /org/freedesktop/DisplayManager/Seat0
# environment
DESKTOP_SESSION = plasma
# environment
ORIGINAL_XDG_CURRENT_DESKTOP = KDE
# 'override' directive
GNUMAKEFLAGS := 
# environment
CLUTTER_IM_MODULE = ibus
# environment
LOGNAME = edu
# environment
PLATFORMIO_PATH = /home/edu/.platformio/python3/bin:/usr/local/bin:/usr/bin:/bin:/usr/local/games:/usr/games:/usr/lib/jvm/java-8-oracle/bin:/usr/lib/jvm/java-8-oracle/db/bin:/usr/lib/jvm/java-8-oracle/jre/bin
# environment
XDG_VTNR = 7
# makefile
.DEFAULT_GOAL := default
# environment
DISPLAY = :0
# environment
USER = edu
# default
MAKE_VERSION := 4.3
# environment
KDE_SESSION_UID = 1000
# 'override' directive
.SHELLSTATUS := 0
# makefile (from 'Makefile', line 2)
EXECUTABLE_TARGET = Tmp/Firmware
# makefile (from 'Makefile', line 6)
LDFLAGS = -g -T CMSIS/stm32f303xb.ld -flto -nostdlib -lc -lgcc -Wl,-Map=$(EXECUTABLE_TARGET:%=%.map)
# environment
SSH_AGENT_PID = 1895
# environment
_ = /usr/share/code-insiders/code-insiders
# environment
XDG_RUNTIME_DIR = /run/user/1000
# makefile (from 'Makefile', line 8)
CFLAGS = -D_GNU_SOURCE -ggdb -Wall -O3 -std=c99 -flto -mcpu=cortex-m4 -mthumb -mthumb-interwork -mfloat-abi=softfp -mfpu=fpv4-sp-d16 -fsingle-precision-constant -fno-exceptions -specs=nosys.specs -I CMSIS
# environment
GPG_AGENT_INFO = /run/user/1000/gnupg/S.gpg-agent:0:1
# environment
XDG_SESSION_CLASS = user
# environment
VSCODE_AMD_ENTRYPOINT = vs/workbench/api/node/extensionHostProcess
# environment
PLATFORMIO_IDE = 2.5.2
# environment
GTK2_RC_FILES = /etc/gtk-2.0/gtkrc:/home/edu/.gtkrc-2.0:/home/edu/.config/gtkrc-2.0
# environment
HOME = /home/edu
# environment
QT_IM_MODULE = ibus
# environment
J2SDKDIR = /usr/lib/jvm/java-8-oracle
# environment
ELECTRON_RUN_AS_NODE = 1
# environment
VSCODE_IPC_HOOK = /run/user/1000/vscode-18576b3e-1.71.0-insider-main.sock
# environment
XDG_SESSION_ID = 3
# environment
XCURSOR_SIZE = 24
# default
.RECIPEPREFIX := 
# automatic
<F = $(notdir $<)
# default
SUFFIXES := 
# environment
QT_AUTO_SCREEN_SCALE_FACTOR = 0
# environment
KDE_SESSION_VERSION = 5
# default
.FEATURES := target-specific order-only second-expansion else-if shortest-stem undefine oneshell nocomment grouped-target extra-prereqs archives jobserver output-sync check-symlink load
# makefile (from 'Makefile', line 9)
CC = arm-none-eabi-gcc
# environment
KDE_FULL_SESSION = true
# environment
DERBY_HOME = /usr/lib/jvm/java-8-oracle/db
# variable set hash-table stats:
# Load=105/1024=10%, Rehash=0, Collisions=2/149=1%

# Pattern-specific Variable Values

# No pattern-specific variable values.

# Directories

# . (device 2065, inode 22285167): 25 files, no impossibilities.

# 25 files, no impossibilities in 1 directories.

# Implicit Rules

Tmp/%.c.o: %.c
#  recipe to execute (from 'Makefile', line 26):
	@mkdir -p $(dir $@)
	@echo "Building" $@
	$(CC) $(CFLAGS) -c $< -o $@

Tmp/%.cpp.o: %.cpp
#  recipe to execute (from 'Makefile', line 31):
	@mkdir -p $(dir $@)
	@echo "Building" $@
	$(CC) $(CFLAGS) -c $< -o $@

Tmp/%.s.o: %.s
#  recipe to execute (from 'Makefile', line 36):
	@mkdir -p $(dir $@)
	@echo "Building" $@
	$(CC) $(CFLAGS) -c $< -o $@

# 3 implicit rules, 0 (0.0%) terminal.
# Files

# Not a target:
Tmp/./Buffer.c.o:
#  Implicit rule search has not been done.
#  Modification time never checked.
#  File has not been updated.

default: Tmp/Firmware
#  Implicit rule search has not been done.
#  Modification time never checked.
#  File has not been updated.

# Not a target:
Tmp/./USB.c.o:
#  Implicit rule search has not been done.
#  Modification time never checked.
#  File has not been updated.

# Not a target:
Tmp/./TEMP.c.o:
#  Implicit rule search has not been done.
#  Modification time never checked.
#  File has not been updated.

# Not a target:
Makefile:
#  Implicit rule search has been done.
#  Last modified 2022-08-06 00:17:00.572179209
#  File has been updated.
#  Successfully updated.

# Not a target:
Tmp/./DBG.c.o:
 
make: *** No rule to make target 'all'.  Stop.

#  Implicit rule search has not been done.
#  Modification time never checked.
#  File has not been updated.

# Not a target:
Tmp/./DS1307.c.o:
#  Implicit rule search has not been done.
#  Modification time never checked.
#  File has not been updated.

clean:
#  Implicit rule search has not been done.
#  Modification time never checked.
#  File has not been updated.
#  recipe to execute (from 'Makefile', line 15):
	@rm -rf Tmp

# Not a target:
Tmp/./PWR.c.o:
#  Implicit rule search has not been done.
#  Modification time never checked.
#  File has not been updated.

# Not a target:
Tmp/./ADC.c.o:
#  Implicit rule search has not been done.
#  Modification time never checked.
#  File has not been updated.

# Not a target:
Tmp/./Startup.c.o:
#  Implicit rule search has not been done.
#  Modification time never checked.
#  File has not been updated.

# Not a target:
.DEFAULT:
#  Implicit rule search has not been done.
#  Modification time never checked.
#  File has not been updated.

# Not a target:
Tmp/./BTN.c.o:
#  Implicit rule search has not been done.
#  Modification time never checked.
#  File has not been updated.

# Not a target:
all:
#  Command line target.
#  Implicit rule search has been done.
#  File does not exist.
#  File has not been updated.

Tmp/Firmware: Tmp/./TEMP.c.o Tmp/./PWR.c.o Tmp/./DS1307.c.o Tmp/./Startup.c.o Tmp/./RTC.c.o Tmp/./DBG.c.o Tmp/./BTN.c.o Tmp/./Main.c.o Tmp/./SSR.c.o Tmp/./SND.c.o Tmp/./Utils.c.o Tmp/./LCD.c.o Tmp/./USB.c.o Tmp/./Buffer.c.o Tmp/./ADC.c.o Tmp/./GPS.c.o
#  Implicit rule search has not been done.
#  Modification time never checked.
#  File has not been updated.
#  recipe to execute (from 'Makefile', line 18):
	@echo "Linking target" $(TARGET_EXEC)
	@$(CC) $(CFLAGS) $(EXECUTABLE_OBJS) -o $(EXECUTABLE_TARGET) $(LDFLAGS)
	@arm-none-eabi-size -A $(EXECUTABLE_TARGET)
	@arm-none-eabi-objdump -S -x $(EXECUTABLE_TARGET) > Tmp/Firmware.lst
	@arm-none-eabi-objcopy -O binary $(EXECUTABLE_TARGET) $(EXECUTABLE_TARGET).bin
	@arm-none-eabi-objcopy -O ihex $(EXECUTABLE_TARGET) $(EXECUTABLE_TARGET).hex

# Not a target:
Tmp/./SSR.c.o:
#  Implicit rule search has not been done.
#  Modification time never checked.
#  File has not been updated.

# Not a target:
Tmp/./GPS.c.o:
#  Implicit rule search has not been done.
#  Modification time never checked.
#  File has not been updated.

# Not a target:
Tmp/./Utils.c.o:
#  Implicit rule search has not been done.
#  Modification time never checked.
#  File has not been updated.

# Not a target:
Tmp/./RTC.c.o:
#  Implicit rule search has not been done.
#  Modification time never checked.
#  File has not been updated.

# Not a target:
Tmp/./Main.c.o:
#  Implicit rule search has not been done.
#  Modification time never checked.
#  File has not been updated.

# Not a target:
Tmp/./SND.c.o:
#  Implicit rule search has not been done.
#  Modification time never checked.
#  File has not been updated.

# Not a target:
Tmp/./LCD.c.o:
#  Implicit rule search has not been done.
#  Modification time never checked.
#  File has not been updated.

# files hash-table stats:
# Load=23/1024=2%, Rehash=0, Collisions=0/51=0%
# VPATH Search Paths

# No 'vpath' search paths.

# No general ('VPATH' variable) search path.

# strcache buffers: 1 (0) / strings = 55 / storage = 545 B / avg = 9 B
# current buf: size = 8162 B / used = 545 B / count = 55 / avg = 9 B

# strcache performance: lookups = 63 / hit rate = 12%
# hash-table stats:
# Load=55/8192=1%, Rehash=0, Collisions=1/63=2%
# Finished Make data base on Tue Aug 23 13:24:47 2022

 
